#! /usr/bin/vvp
:ivl_version "11.0 (stable)";
:ivl_delay_selection "TYPICAL";
:vpi_time_precision + 0;
:vpi_module "/usr/lib/x86_64-linux-gnu/ivl/system.vpi";
:vpi_module "/usr/lib/x86_64-linux-gnu/ivl/vhdl_sys.vpi";
:vpi_module "/usr/lib/x86_64-linux-gnu/ivl/vhdl_textio.vpi";
:vpi_module "/usr/lib/x86_64-linux-gnu/ivl/v2005_math.vpi";
:vpi_module "/usr/lib/x86_64-linux-gnu/ivl/va_math.vpi";
S_0x55a4d6e0eac0 .scope module, "moduleName" "moduleName" 2 1;
 .timescale 0 0;
v0x55a4d6e2bea0_0 .var "A", 7 0;
v0x55a4d6e2bf80_0 .var "B", 7 0;
v0x55a4d6e2c050_0 .var "CLK", 0 0;
v0x55a4d6e2c120_0 .net "PR", 7 0, v0x55a4d6e2ba70_0;  1 drivers
v0x55a4d6e2c210_0 .var "RESET", 0 0;
S_0x55a4d6e0ec50 .scope module, "UUT" "index" 2 6, 3 5 0, S_0x55a4d6e0eac0;
 .timescale 0 0;
    .port_info 0 /INPUT 8 "A";
    .port_info 1 /INPUT 8 "B";
    .port_info 2 /INPUT 1 "RESET";
    .port_info 3 /OUTPUT 8 "PR";
    .port_info 4 /INPUT 1 "CLK";
v0x55a4d6e2b520_0 .net "A", 7 0, v0x55a4d6e2bea0_0;  1 drivers
v0x55a4d6e2b600_0 .var "AR", 7 0;
v0x55a4d6e2b6f0_0 .net "B", 7 0, v0x55a4d6e2bf80_0;  1 drivers
v0x55a4d6e2b7c0_0 .var "BR", 7 0;
v0x55a4d6e2b8b0_0 .net "CLK", 0 0, v0x55a4d6e2c050_0;  1 drivers
v0x55a4d6e2b9a0_0 .net "LOAD", 0 0, v0x55a4d6e2a4b0_0;  1 drivers
v0x55a4d6e2ba70_0 .var "PR", 7 0;
v0x55a4d6e2bb40_0 .net "RESET", 0 0, v0x55a4d6e2c210_0;  1 drivers
v0x55a4d6e2bc10_0 .net "RES_SUB", 7 0, v0x55a4d6e2b3e0_0;  1 drivers
v0x55a4d6e2bce0_0 .net "RES_SUM", 7 0, v0x55a4d6e2adf0_0;  1 drivers
v0x55a4d6e2bdb0_0 .net "SAIDA", 0 0, v0x55a4d6e2a760_0;  1 drivers
E_0x55a4d6e06dc0 .event posedge, v0x55a4d6e2a300_0;
S_0x55a4d6e132d0 .scope module, "controle" "controle" 3 19, 4 1 0, S_0x55a4d6e0ec50;
 .timescale 0 0;
    .port_info 0 /INPUT 8 "AR";
    .port_info 1 /INPUT 1 "RESET";
    .port_info 2 /INPUT 1 "CLK";
    .port_info 3 /OUTPUT 1 "SAIDA";
    .port_info 4 /OUTPUT 1 "LOAD";
P_0x55a4d6dcf620 .param/l "ESTADO1" 0 4 15, C4<00>;
P_0x55a4d6dcf660 .param/l "ESTADO2" 0 4 15, C4<01>;
P_0x55a4d6dcf6a0 .param/l "ESTADOPRONTO" 0 4 15, C4<10>;
o0x7f658ad82018 .functor BUFZ 8, C4<zzzzzzzz>; HiZ drive
v0x55a4d6e135e0_0 .net "AR", 7 0, o0x7f658ad82018;  0 drivers
v0x55a4d6e2a300_0 .net "CLK", 0 0, v0x55a4d6e2c050_0;  alias, 1 drivers
v0x55a4d6e2a3c0_0 .var "ESTADO_ATUAL", 1 0;
v0x55a4d6e2a4b0_0 .var "LOAD", 0 0;
v0x55a4d6e2a570_0 .var "PROX_ESTADO", 1 0;
v0x55a4d6e2a6a0_0 .net "RESET", 0 0, v0x55a4d6e2c210_0;  alias, 1 drivers
v0x55a4d6e2a760_0 .var "SAIDA", 0 0;
E_0x55a4d6df19b0 .event edge, v0x55a4d6e2a3c0_0;
E_0x55a4d6dfaf10 .event edge, v0x55a4d6e135e0_0, v0x55a4d6e2a3c0_0;
E_0x55a4d6dfb170 .event posedge, v0x55a4d6e2a6a0_0, v0x55a4d6e2a300_0;
S_0x55a4d6e2a8c0 .scope module, "somador8b" "somador8b" 3 20, 5 1 0, S_0x55a4d6e0ec50;
 .timescale 0 0;
    .port_info 0 /INPUT 1 "CTRL";
    .port_info 1 /INPUT 8 "NUM1";
    .port_info 2 /INPUT 8 "NUM2";
    .port_info 3 /OUTPUT 8 "RES";
v0x55a4d6e2ab50_0 .net "CTRL", 0 0, v0x55a4d6e2a760_0;  alias, 1 drivers
v0x55a4d6e2ac40_0 .net "NUM1", 7 0, v0x55a4d6e2b7c0_0;  1 drivers
v0x55a4d6e2ad00_0 .net "NUM2", 7 0, v0x55a4d6e2ba70_0;  alias, 1 drivers
v0x55a4d6e2adf0_0 .var "RES", 7 0;
E_0x55a4d6dfb340 .event edge, v0x55a4d6e2ad00_0, v0x55a4d6e2ac40_0, v0x55a4d6e2a760_0;
S_0x55a4d6e2af80 .scope module, "subtrator8b" "subtrator8b" 3 21, 6 1 0, S_0x55a4d6e0ec50;
 .timescale 0 0;
    .port_info 0 /INPUT 1 "CTRL";
    .port_info 1 /INPUT 8 "NUM";
    .port_info 2 /OUTPUT 8 "RES";
v0x55a4d6e2b1f0_0 .net "CTRL", 0 0, v0x55a4d6e2a760_0;  alias, 1 drivers
v0x55a4d6e2b300_0 .net "NUM", 7 0, v0x55a4d6e2b600_0;  1 drivers
v0x55a4d6e2b3e0_0 .var "RES", 7 0;
E_0x55a4d6dfb380 .event edge, v0x55a4d6e2b300_0, v0x55a4d6e2a760_0;
    .scope S_0x55a4d6e132d0;
T_0 ;
    %wait E_0x55a4d6dfb170;
    %load/vec4 v0x55a4d6e2a6a0_0;
    %cmpi/e 1, 0, 1;
    %jmp/0xz  T_0.0, 4;
    %pushi/vec4 0, 0, 2;
    %assign/vec4 v0x55a4d6e2a3c0_0, 0;
    %jmp T_0.1;
T_0.0 ;
    %load/vec4 v0x55a4d6e2a570_0;
    %assign/vec4 v0x55a4d6e2a3c0_0, 0;
T_0.1 ;
    %jmp T_0;
    .thread T_0;
    .scope S_0x55a4d6e132d0;
T_1 ;
    %wait E_0x55a4d6dfaf10;
    %load/vec4 v0x55a4d6e2a3c0_0;
    %pushi/vec4 0, 0, 2;
    %cmp/e;
    %flag_get/vec4 6;
    %load/vec4 v0x55a4d6e2a3c0_0;
    %pushi/vec4 1, 0, 2;
    %cmp/e;
    %flag_get/vec4 6;
    %or;
    %load/vec4 v0x55a4d6e135e0_0;
    %pushi/vec4 0, 0, 8;
    %cmp/e;
    %flag_get/vec4 6;
    %and;
    %flag_set/vec4 8;
    %jmp/0xz  T_1.0, 8;
    %pushi/vec4 1, 0, 2;
    %assign/vec4 v0x55a4d6e2a570_0, 0;
    %jmp T_1.1;
T_1.0 ;
    %pushi/vec4 2, 0, 2;
    %assign/vec4 v0x55a4d6e2a570_0, 0;
T_1.1 ;
    %jmp T_1;
    .thread T_1, $push;
    .scope S_0x55a4d6e132d0;
T_2 ;
    %wait E_0x55a4d6df19b0;
    %load/vec4 v0x55a4d6e2a3c0_0;
    %dup/vec4;
    %pushi/vec4 0, 0, 2;
    %cmp/u;
    %jmp/1 T_2.0, 6;
    %dup/vec4;
    %pushi/vec4 1, 0, 2;
    %cmp/u;
    %jmp/1 T_2.1, 6;
    %dup/vec4;
    %pushi/vec4 2, 0, 2;
    %cmp/u;
    %jmp/1 T_2.2, 6;
    %jmp T_2.3;
T_2.0 ;
    %pushi/vec4 0, 0, 1;
    %assign/vec4 v0x55a4d6e2a760_0, 0;
    %pushi/vec4 1, 0, 1;
    %assign/vec4 v0x55a4d6e2a4b0_0, 0;
    %jmp T_2.3;
T_2.1 ;
    %pushi/vec4 1, 0, 1;
    %assign/vec4 v0x55a4d6e2a760_0, 0;
    %pushi/vec4 0, 0, 1;
    %assign/vec4 v0x55a4d6e2a4b0_0, 0;
    %jmp T_2.3;
T_2.2 ;
    %pushi/vec4 0, 0, 1;
    %assign/vec4 v0x55a4d6e2a760_0, 0;
    %pushi/vec4 0, 0, 1;
    %assign/vec4 v0x55a4d6e2a4b0_0, 0;
    %jmp T_2.3;
T_2.3 ;
    %pop/vec4 1;
    %jmp T_2;
    .thread T_2, $push;
    .scope S_0x55a4d6e2a8c0;
T_3 ;
    %wait E_0x55a4d6dfb340;
    %load/vec4 v0x55a4d6e2ab50_0;
    %cmpi/e 1, 0, 1;
    %jmp/0xz  T_3.0, 4;
    %load/vec4 v0x55a4d6e2ac40_0;
    %load/vec4 v0x55a4d6e2ad00_0;
    %add;
    %assign/vec4 v0x55a4d6e2adf0_0, 0;
    %jmp T_3.1;
T_3.0 ;
    %load/vec4 v0x55a4d6e2ad00_0;
    %assign/vec4 v0x55a4d6e2adf0_0, 0;
T_3.1 ;
    %jmp T_3;
    .thread T_3, $push;
    .scope S_0x55a4d6e2af80;
T_4 ;
    %wait E_0x55a4d6dfb380;
    %load/vec4 v0x55a4d6e2b1f0_0;
    %cmpi/e 1, 0, 1;
    %jmp/0xz  T_4.0, 4;
    %load/vec4 v0x55a4d6e2b300_0;
    %subi 1, 0, 8;
    %assign/vec4 v0x55a4d6e2b3e0_0, 0;
    %jmp T_4.1;
T_4.0 ;
    %load/vec4 v0x55a4d6e2b300_0;
    %assign/vec4 v0x55a4d6e2b3e0_0, 0;
T_4.1 ;
    %jmp T_4;
    .thread T_4, $push;
    .scope S_0x55a4d6e0ec50;
T_5 ;
    %wait E_0x55a4d6e06dc0;
    %load/vec4 v0x55a4d6e2b9a0_0;
    %cmpi/e 1, 0, 1;
    %jmp/0xz  T_5.0, 6;
    %load/vec4 v0x55a4d6e2b6f0_0;
    %assign/vec4 v0x55a4d6e2b600_0, 0;
    %load/vec4 v0x55a4d6e2b520_0;
    %assign/vec4 v0x55a4d6e2b7c0_0, 0;
    %pushi/vec4 0, 0, 8;
    %assign/vec4 v0x55a4d6e2ba70_0, 0;
    %jmp T_5.1;
T_5.0 ;
    %load/vec4 v0x55a4d6e2bce0_0;
    %assign/vec4 v0x55a4d6e2ba70_0, 0;
    %load/vec4 v0x55a4d6e2bc10_0;
    %assign/vec4 v0x55a4d6e2b600_0, 0;
T_5.1 ;
    %jmp T_5;
    .thread T_5;
    .scope S_0x55a4d6e0eac0;
T_6 ;
    %delay 10, 0;
    %load/vec4 v0x55a4d6e2c050_0;
    %inv;
    %store/vec4 v0x55a4d6e2c050_0, 0, 1;
    %jmp T_6;
    .thread T_6;
    .scope S_0x55a4d6e0eac0;
T_7 ;
    %pushi/vec4 0, 0, 1;
    %store/vec4 v0x55a4d6e2c050_0, 0, 1;
    %pushi/vec4 1, 0, 1;
    %store/vec4 v0x55a4d6e2c210_0, 0, 1;
    %pushi/vec4 3, 0, 8;
    %store/vec4 v0x55a4d6e2bea0_0, 0, 8;
    %pushi/vec4 4, 0, 8;
    %store/vec4 v0x55a4d6e2bf80_0, 0, 8;
    %delay 10, 0;
    %pushi/vec4 0, 0, 1;
    %store/vec4 v0x55a4d6e2c210_0, 0, 1;
    %delay 1000, 0;
    %vpi_call 2 17 "$display", "%b", v0x55a4d6e2c120_0 {0 0 0};
    %end;
    .thread T_7;
# The file index is used to find the file name in the following table.
:file_names 7;
    "N/A";
    "<interactive>";
    "tb_index.v";
    "index.v";
    "./controle.v";
    "./somador8b.v";
    "./subtrator8b.v";
